<?xml version="1.0" encoding="UTF-8"?>
<!-- Generated by org.testng.reporters.JUnitXMLReporter -->
<testsuite hostname="DESKTOP-NM05SVP" ignored="0" name="Create Portfolio Test" tests="3" failures="1" timestamp="12 Mar 2019 02:11:13 GMT" time="22.553" errors="0">
  <testcase name="createPortFolioTest" time="0.017" classname="com.qtpselenium.testcases.CreatePortfolioTest">
    <skipped/>
  </testcase> <!-- createPortFolioTest -->
  <testcase name="createPortFolioTest" time="21.263" classname="com.qtpselenium.testcases.CreatePortfolioTest">
    <failure type="java.lang.AssertionError" message="Password field failed to be visible">
      <![CDATA[java.lang.AssertionError: Password field failed to be visible
	at com.qtpselenium.pom.pages.BasePage.repFailure(BasePage.java:66)
	at com.qtpselenium.pom.pages.LoginPage.doLogin(LoginPage.java:47)
	at com.qtpselenium.testcases.CreatePortfolioTest.createPortFolioTest(CreatePortfolioTest.java:68)
... Removed 30 stack frames]]>
    </failure>
  </testcase> <!-- createPortFolioTest -->
  <testcase name="createPortFolioTest" time="0.002" classname="com.qtpselenium.testcases.CreatePortfolioTest">
    <skipped/>
  </testcase> <!-- createPortFolioTest -->
</testsuite> <!-- Create Portfolio Test -->
