<?xml version="1.0" encoding="UTF-8"?>
<testsuite xmlns:xsi="http://www.w3.org/2001/XMLSchema-instance" xsi:noNamespaceSchemaLocation="https://maven.apache.org/surefire/maven-surefire-plugin/xsd/surefire-test-report.xsd" name="TestSuite" time="36.586" tests="4" errors="0" skipped="2" failures="1">
  <properties>
[...]
</properties>
  <testcase name="createPortFolioTest" classname="com.qtpselenium.testcases.CreatePortfolioTest" time="0">
    <skipped message="Skipping the test as Runmode was set to NO"/>
  </testcase>
  <testcase name="createPortFolioTest" classname="com.qtpselenium.testcases.CreatePortfolioTest" time="11.68">
    <failure message="Portfolio creation error" type="java.lang.AssertionError">java.lang.AssertionError: Portfolio creation error
	at com.qtpselenium.testcases.CreatePortfolioTest.createPortFolioTest(CreatePortfolioTest.java:82)
</failure>
    <system-err><![CDATA[log4j:WARN No appenders could be found for logger (freemarker.cache).
log4j:WARN Please initialize the log4j system properly.
Starting ChromeDriver 2.36.540470 (e522d04694c7ebea4ba8821272dbef4f9b818c91) on port 33259
Only local connections are allowed.
Mar 12, 2019 7:30:03 AM org.openqa.selenium.remote.ProtocolHandshake createSession
INFO: Detected dialect: OSS
]]></system-err>
  </testcase>
  <testcase name="createPortFolioTest" classname="com.qtpselenium.testcases.CreatePortfolioTest" time="0">
    <skipped message="Skipping the test as Runmode was set to NO"/>
  </testcase>
  <testcase name="addStockTest" classname="com.qtpselenium.testcases.StockTest" time="20.821"/>
</testsuite>